[Mon, 07 Mar 16 18:51:55 +0530][DEBUG] [Flickr]apicallaction_start() at : page=9
[Mon, 07 Mar 16 18:52:07 +0530][DEBUG] file time = 1.1328648090363E-5
[Mon, 07 Mar 16 18:52:07 +0530][DEBUG] result<?xml version="1.0" encoding="utf-8" ?>
<rsp stat="ok">
<photos page="9" pages="20" perpage="25" total="500">
	<photo id="25531363006" owner="22783055@N06" secret="effb853db5" server="1485" farm="2" title="Black Forest Pearls" ispublic="1" isfriend="0" isfamily="0" />
	<photo id="25526184446" owner="28596055@N02" secret="e1816356fb" server="1664" farm="2" title="the road of conciliation" ispublic="1" isfriend="0" isfamily="0" />
	<photo id="25260531800" owner="71217508@N04" secret="5ec50ca1d0" server="1542" farm="2" title="Sunset blonde" ispublic="1" isfriend="0" isfamily="0" />
	<photo id="24935897223" owner="63756075@N04" secret="0aeb7fb05b" server="1696" farm="2" title="Virgen del Socorro" ispublic="1" isfriend="0" isfamily="0" />
	<photo id="25527848216" owner="131408328@N06" secret="38a8f8035b" server="1545" farm="2" title="heavy metal" ispublic="1" isfriend="0" isfamily="0" />
	<photo id="25455962131" owner="52206968@N06" secret="ca606d49e8" server="1537" farm="2" title="Wide open" ispublic="1" isfriend="0" isfamily="0" />
	<photo id="25272133900" owner="97013116@N05" secret="3e14a9690f" server="1526" farm="2" title="Barn and post" ispublic="1" isfriend="0" isfamily="0" />
	<photo id="25188579799" owner="50369074@N02" secret="3160188d0b" server="1480" farm="2" title="Locked" ispublic="1" isfriend="0" isfamily="0" />
	<photo id="24938590574" owner="23307937@N04" secret="24cfbfa643" server="1606" farm="2" title="lost images" ispublic="1" isfriend="0" isfamily="0" />
	<photo id="25549663705" owner="10105011@N00" secret="5b718b8672" server="1605" farm="2" title="Persistent Memory" ispublic="1" isfriend="0" isfamily="0" />
	<photo id="25523799736" owner="91557215@N07" secret="c4f3426fc7" server="1544" farm="2" title="in the woods" ispublic="1" isfriend="0" isfamily="0" />
	<photo id="25476502891" owner="27213357@N08" secret="b7bf6e850a" server="1520" farm="2" title="Kisses" ispublic="1" isfriend="0" isfamily="0" />
	<photo id="25429762342" owner="134420837@N02" secret="05891d16bc" server="1713" farm="2" title="#Hidden" ispublic="1" isfriend="0" isfamily="0" />
	<photo id="24942190283" owner="136973215@N05" secret="6baecee76f" server="1674" farm="2" title="Self Portrait" ispublic="1" isfriend="0" isfamily="0" />
	<photo id="24939907064" owner="10068858@N08" secret="71ff684837" server="1460" farm="2" title="Colour Urban Light_4.jpg" ispublic="1" isfriend="0" isfamily="0" />
	<photo id="25569515415" owner="76297493@N02" secret="d3af629549" server="1571" farm="2" title="A is for Air (Explored)" ispublic="1" isfriend="0" isfamily="0" />
	<photo id="25562732335" owner="60057414@N06" secret="58a7c2534d" server="1489" farm="2" title="Hagamús" ispublic="1" isfriend="0" isfamily="0" />
	<photo id="25549000465" owner="136475015@N03" secret="2e91361a08" server="1455" farm="2" title="Yufuin lake" ispublic="1" isfriend="0" isfamily="0" />
	<photo id="25537728596" owner="90538631@N03" secret="34a40abc04" server="1448" farm="2" title="Albert Man" ispublic="1" isfriend="0" isfamily="0" />
	<photo id="25268077480" owner="94120204@N07" secret="7f29766a4d" server="1502" farm="2" title="Blue Hour sur Notre (Belle) Dame de Paris // Paris" ispublic="1" isfriend="0" isfamily="0" />
	<photo id="25261673280" owner="70736317@N05" secret="22fa243d09" server="1531" farm="2" title="Jamestowne Memorial Church {Explored. 7 March 2016}" ispublic="1" isfriend="0" isfamily="0" />
	<photo id="25252863470" owner="88604415@N02" secret="77c2944db7" server="1608" farm="2" title="Music" ispublic="1" isfriend="0" isfamily="0" />
	<photo id="25201987659" owner="54686358@N00" secret="cfc430799a" server="1609" farm="2" title="Small fish add up" ispublic="1" isfriend="0" isfamily="0" />
	<photo id="25194914749" owner="111158100@N03" secret="06f744695c" server="1637" farm="2" title="P1050523 (2)" ispublic="1" isfriend="0" isfamily="0" />
	<photo id="25536405656" owner="51167668@N04" secret="568994e9dd" server="1537" farm="2" title="Space" ispublic="1" isfriend="0" isfamily="0" />
</photos>
</rsp>

[Mon, 07 Mar 16 18:52:07 +0530][DEBUG] Sending request to = https://api.flickr.com/services/rest?method=flickr.interestingness.getList&oauth_nonce=fc30a3efff65b2ed53a8b571a0773e29&oauth_timestamp=1457356915GMTC&oauth_consumer_key=f1223192eab5461b28cb8a2872c27129&oauth_signature_method=HMAC-SHA1&oauth_version=1.0&oauth_signature=TZ2WI2k%2FMrUfHLKchqnuMqnuIRE%3D&format=rest&nojsoncallback=1&page=9&per_page=25
[Mon, 07 Mar 16 18:52:07 +0530][DEBUG] Time take in api = 1.1331647872925E-5
[Mon, 07 Mar 16 18:52:07 +0530][DEBUG] Array
(
    [0] => https://farm2.staticflickr.com/1485/25531363006_effb853db5_n.jpg
    [1] => https://farm2.staticflickr.com/1664/25526184446_e1816356fb_n.jpg
    [2] => https://farm2.staticflickr.com/1542/25260531800_5ec50ca1d0_n.jpg
    [3] => https://farm2.staticflickr.com/1696/24935897223_0aeb7fb05b_n.jpg
    [4] => https://farm2.staticflickr.com/1545/25527848216_38a8f8035b_n.jpg
    [5] => https://farm2.staticflickr.com/1537/25455962131_ca606d49e8_n.jpg
    [6] => https://farm2.staticflickr.com/1526/25272133900_3e14a9690f_n.jpg
    [7] => https://farm2.staticflickr.com/1480/25188579799_3160188d0b_n.jpg
    [8] => https://farm2.staticflickr.com/1606/24938590574_24cfbfa643_n.jpg
    [9] => https://farm2.staticflickr.com/1605/25549663705_5b718b8672_n.jpg
    [10] => https://farm2.staticflickr.com/1544/25523799736_c4f3426fc7_n.jpg
    [11] => https://farm2.staticflickr.com/1520/25476502891_b7bf6e850a_n.jpg
    [12] => https://farm2.staticflickr.com/1713/25429762342_05891d16bc_n.jpg
    [13] => https://farm2.staticflickr.com/1674/24942190283_6baecee76f_n.jpg
    [14] => https://farm2.staticflickr.com/1460/24939907064_71ff684837_n.jpg
    [15] => https://farm2.staticflickr.com/1571/25569515415_d3af629549_n.jpg
    [16] => https://farm2.staticflickr.com/1489/25562732335_58a7c2534d_n.jpg
    [17] => https://farm2.staticflickr.com/1455/25549000465_2e91361a08_n.jpg
    [18] => https://farm2.staticflickr.com/1448/25537728596_34a40abc04_n.jpg
    [19] => https://farm2.staticflickr.com/1502/25268077480_7f29766a4d_n.jpg
    [20] => https://farm2.staticflickr.com/1531/25261673280_22fa243d09_n.jpg
    [21] => https://farm2.staticflickr.com/1608/25252863470_77c2944db7_n.jpg
    [22] => https://farm2.staticflickr.com/1609/25201987659_cfc430799a_n.jpg
    [23] => https://farm2.staticflickr.com/1637/25194914749_06f744695c_n.jpg
    [24] => https://farm2.staticflickr.com/1537/25536405656_568994e9dd_n.jpg
)

[Mon, 07 Mar 16 18:52:07 +0530][DEBUG] [Flickr]interestingAction_end() at : time = 1.0001659393311E-9
[Mon, 07 Mar 16 18:52:30 +0530][DEBUG] [Flickr]apicallaction_start() at : page=10
[Mon, 07 Mar 16 18:52:35 +0530][DEBUG] file time = 5.8163330554962E-6
[Mon, 07 Mar 16 18:52:35 +0530][DEBUG] result<?xml version="1.0" encoding="utf-8" ?>
<rsp stat="ok">
<photos page="10" pages="20" perpage="25" total="500">
	<photo id="25531621816" owner="39888207@N07" secret="323f183ce9" server="1650" farm="2" title="Hår / Hair" ispublic="1" isfriend="0" isfamily="0" />
	<photo id="25270596450" owner="22018757@N02" secret="ceeca9efef" server="1467" farm="2" title="Marsh Tit" ispublic="1" isfriend="0" isfamily="0" />
	<photo id="25264487350" owner="67605520@N00" secret="dc0fae2730" server="1523" farm="2" title="Kaiser's Diet" ispublic="1" isfriend="0" isfamily="0" />
	<photo id="24916624334" owner="131748936@N05" secret="b19b2e539b" server="1638" farm="2" title="I am extremely cold..." ispublic="1" isfriend="0" isfamily="0" />
	<photo id="25569152965" owner="76716026@N07" secret="3c6b5e3fcf" server="1615" farm="2" title="Spring bushtit (1)" ispublic="1" isfriend="0" isfamily="0" />
	<photo id="25567368655" owner="63198253@N04" secret="bcb80a921d" server="1456" farm="2" title="Red Winged Blackbird." ispublic="1" isfriend="0" isfamily="0" />
	<photo id="25551730445" owner="27482106@N07" secret="83a39d24fa" server="1598" farm="2" title="cheeky Treaky" ispublic="1" isfriend="0" isfamily="0" />
	<photo id="25537075416" owner="31939767@N07" secret="346c145086" server="1526" farm="2" title="The Way Is Ever Nameless" ispublic="1" isfriend="0" isfamily="0" />
	<photo id="25535600266" owner="98413464@N03" secret="2ee3b39cd5" server="1472" farm="2" title="Nelly!!!" ispublic="1" isfriend="0" isfamily="0" />
	<photo id="25464894861" owner="90290243@N02" secret="8b75e205f4" server="1443" farm="2" title="CD corners" ispublic="1" isfriend="0" isfamily="0" />
	<photo id="25536982726" owner="92270641@N04" secret="90417a3226" server="1612" farm="2" title="L’espérance" ispublic="1" isfriend="0" isfamily="0" />
	<photo id="25266253740" owner="41429983@N06" secret="571c2ea3c8" server="1614" farm="2" title="52-9" ispublic="1" isfriend="0" isfamily="0" />
	<photo id="25245819460" owner="39312862@N00" secret="6f0d76c6ec" server="1584" farm="2" title="Erythronium albidum" ispublic="1" isfriend="0" isfamily="0" />
	<photo id="25197019839" owner="12547928@N07" secret="f6e3a7c1ff" server="1604" farm="2" title="Strode House" ispublic="1" isfriend="0" isfamily="0" />
	<photo id="25175643119" owner="99307996@N00" secret="9e026620ba" server="1543" farm="2" title="Our family has been in our new house for a day now. Our cat finally seems to be feeling more relaxed. Today she enjoyed sitting on the office desk watching the birds just outside the window. Now she's been sleeping peacefully for several hours on her new" ispublic="1" isfriend="0" isfamily="0" />
	<photo id="24931415684" owner="44205672@N04" secret="185dd835c0" server="1469" farm="2" title="Lake of Fiastra" ispublic="1" isfriend="0" isfamily="0" />
	<photo id="25561929025" owner="64504190@N03" secret="79b1706cbe" server="1603" farm="2" title="Sumpfmeise" ispublic="1" isfriend="0" isfamily="0" />
	<photo id="25461044751" owner="125652997@N04" secret="72d5e1ac90" server="1590" farm="2" title="Trails of sun" ispublic="1" isfriend="0" isfamily="0" />
	<photo id="24940129543" owner="25576158@N00" secret="8caa6605a8" server="1696" farm="2" title="Tuzz again..." ispublic="1" isfriend="0" isfamily="0" />
	<photo id="24920226994" owner="59773822@N02" secret="d703d933f5" server="1707" farm="2" title="full bloom" ispublic="1" isfriend="0" isfamily="0" />
	<photo id="24915437964" owner="77885363@N02" secret="64768c6cd2" server="1607" farm="2" title="NGC 2903" ispublic="1" isfriend="0" isfamily="0" />
	<photo id="25443038912" owner="29976933@N00" secret="42c74279ce" server="1564" farm="2" title="Roppongi." ispublic="1" isfriend="0" isfamily="0" />
	<photo id="25266465990" owner="82651989@N00" secret="f8affbcfde" server="1577" farm="2" title="Noseless statues. Sculpture Berry Holslag. Castricum, Noord-Holland." ispublic="1" isfriend="0" isfamily="0" />
	<photo id="25195514049" owner="136133063@N08" secret="1a7711a525" server="1586" farm="2" title="Magia sul lago" ispublic="1" isfriend="0" isfamily="0" />
	<photo id="24929708793" owner="46062535@N03" secret="29ec7b1d12" server="1603" farm="2" title="'Draco Dwarf Galaxy'    (see description)" ispublic="1" isfriend="0" isfamily="0" />
</photos>
</rsp>

[Mon, 07 Mar 16 18:52:35 +0530][DEBUG] Sending request to = https://api.flickr.com/services/rest?method=flickr.interestingness.getList&oauth_nonce=604ccab216e06f43e9c4c2e49fa14ed4&oauth_timestamp=1457356950GMTC&oauth_consumer_key=f1223192eab5461b28cb8a2872c27129&oauth_signature_method=HMAC-SHA1&oauth_version=1.0&oauth_signature=gDxU5GD6k8rcWbLgmYIkhmjbNrM%3D&format=rest&nojsoncallback=1&page=10&per_page=25
[Mon, 07 Mar 16 18:52:35 +0530][DEBUG] Time take in api = 5.8183329105377E-6
[Mon, 07 Mar 16 18:52:35 +0530][DEBUG] Array
(
    [0] => https://farm2.staticflickr.com/1650/25531621816_323f183ce9_n.jpg
    [1] => https://farm2.staticflickr.com/1467/25270596450_ceeca9efef_n.jpg
    [2] => https://farm2.staticflickr.com/1523/25264487350_dc0fae2730_n.jpg
    [3] => https://farm2.staticflickr.com/1638/24916624334_b19b2e539b_n.jpg
    [4] => https://farm2.staticflickr.com/1615/25569152965_3c6b5e3fcf_n.jpg
    [5] => https://farm2.staticflickr.com/1456/25567368655_bcb80a921d_n.jpg
    [6] => https://farm2.staticflickr.com/1598/25551730445_83a39d24fa_n.jpg
    [7] => https://farm2.staticflickr.com/1526/25537075416_346c145086_n.jpg
    [8] => https://farm2.staticflickr.com/1472/25535600266_2ee3b39cd5_n.jpg
    [9] => https://farm2.staticflickr.com/1443/25464894861_8b75e205f4_n.jpg
    [10] => https://farm2.staticflickr.com/1612/25536982726_90417a3226_n.jpg
    [11] => https://farm2.staticflickr.com/1614/25266253740_571c2ea3c8_n.jpg
    [12] => https://farm2.staticflickr.com/1584/25245819460_6f0d76c6ec_n.jpg
    [13] => https://farm2.staticflickr.com/1604/25197019839_f6e3a7c1ff_n.jpg
    [14] => https://farm2.staticflickr.com/1543/25175643119_9e026620ba_n.jpg
    [15] => https://farm2.staticflickr.com/1469/24931415684_185dd835c0_n.jpg
    [16] => https://farm2.staticflickr.com/1603/25561929025_79b1706cbe_n.jpg
    [17] => https://farm2.staticflickr.com/1590/25461044751_72d5e1ac90_n.jpg
    [18] => https://farm2.staticflickr.com/1696/24940129543_8caa6605a8_n.jpg
    [19] => https://farm2.staticflickr.com/1707/24920226994_d703d933f5_n.jpg
    [20] => https://farm2.staticflickr.com/1607/24915437964_64768c6cd2_n.jpg
    [21] => https://farm2.staticflickr.com/1564/25443038912_42c74279ce_n.jpg
    [22] => https://farm2.staticflickr.com/1577/25266465990_f8affbcfde_n.jpg
    [23] => https://farm2.staticflickr.com/1586/25195514049_1a7711a525_n.jpg
    [24] => https://farm2.staticflickr.com/1603/24929708793_29ec7b1d12_n.jpg
)

[Mon, 07 Mar 16 18:52:35 +0530][DEBUG] [Flickr]interestingAction_end() at : time = 9.9992752075195E-10
[Mon, 07 Mar 16 18:52:40 +0530][DEBUG] [Flickr]apicallaction_start() at : page=20
[Mon, 07 Mar 16 18:52:47 +0530][DEBUG] file time = 6.9563980102539E-6
[Mon, 07 Mar 16 18:52:47 +0530][DEBUG] result<?xml version="1.0" encoding="utf-8" ?>
<rsp stat="ok">
<photos page="20" pages="20" perpage="25" total="500">
	<photo id="24913149043" owner="100612991@N08" secret="0ed474e013" server="1649" farm="2" title="Santa Catalina Mountains at Sunset" ispublic="1" isfriend="0" isfamily="0" />
	<photo id="25462217801" owner="93656781@N08" secret="7f20c33300" server="1446" farm="2" title="A57 BRIDGE" ispublic="1" isfriend="0" isfamily="0" />
	<photo id="25266361100" owner="28306652@N03" secret="886c097893" server="1549" farm="2" title="Rest My Head On You (EXPLORE 03/06/16)" ispublic="1" isfriend="0" isfamily="0" />
	<photo id="25249725700" owner="75944080@N06" secret="7cc5979782" server="1686" farm="2" title="ATSF 2776 GP30 (GWWR) 234 Granite City 5-2-98" ispublic="1" isfriend="0" isfamily="0" />
	<photo id="25181107929" owner="16215823@N06" secret="797c675816" server="1605" farm="2" title="For Mum..." ispublic="1" isfriend="0" isfamily="0" />
	<photo id="25527605116" owner="122970865@N06" secret="4e7882cf0f" server="1711" farm="2" title="A new legend starts.[expｌored]" ispublic="1" isfriend="0" isfamily="0" />
	<photo id="25517732186" owner="131007978@N06" secret="c994d350ce" server="1717" farm="2" title="Elvis, the unknown reptilian" ispublic="1" isfriend="0" isfamily="0" />
	<photo id="25467405951" owner="137131342@N08" secret="f86fdcef93" server="1648" farm="2" title="La giostra..." ispublic="1" isfriend="0" isfamily="0" />
	<photo id="25172625099" owner="74012092@N00" secret="0f9057c807" server="1506" farm="2" title="Rooftops in Todi, Umbria" ispublic="1" isfriend="0" isfamily="0" />
	<photo id="24931778114" owner="44996480@N02" secret="6677b29ae9" server="1634" farm="2" title="Boot in camouflage mode [Explored]" ispublic="1" isfriend="0" isfamily="0" />
	<photo id="24927232754" owner="114700825@N07" secret="72ffc7014d" server="1533" farm="2" title="129.5 Groene Langstaartglansspreeuw-20160116-J1601-26468" ispublic="1" isfriend="0" isfamily="0" />
	<photo id="25568906295" owner="23802654@N08" secret="054d47eec4" server="1629" farm="2" title="Undergarment#2" ispublic="1" isfriend="0" isfamily="0" />
	<photo id="25552118895" owner="51710045@N05" secret="043c8a2dbd" server="1550" farm="2" title="Greengrocer" ispublic="1" isfriend="0" isfamily="0" />
	<photo id="25447032172" owner="22897666@N00" secret="dfb7a12b19" server="1451" farm="2" title="Out Of The Blue Sky And Into The Forest" ispublic="1" isfriend="0" isfamily="0" />
	<photo id="25426609662" owner="77110866@N05" secret="39747a890c" server="1615" farm="2" title="Cloud" ispublic="1" isfriend="0" isfamily="0" />
	<photo id="25425200542" owner="98323495@N00" secret="1d3c8a49c0" server="1605" farm="2" title="Salton Sea sunset" ispublic="1" isfriend="0" isfamily="0" />
	<photo id="24936641013" owner="96844684@N08" secret="6b7578a215" server="1561" farm="2" title="Redbud Blossoms (Explore 3/06/2016)" ispublic="1" isfriend="0" isfamily="0" />
	<photo id="25270019380" owner="61949589@N06" secret="827232e459" server="1520" farm="2" title="Aritzo - S'Istrumpu" ispublic="1" isfriend="0" isfamily="0" />
	<photo id="25262230580" owner="135956437@N03" secret="de22209264" server="1642" farm="2" title="Okoto Demidragon" ispublic="1" isfriend="0" isfamily="0" />
	<photo id="24930543944" owner="32842764@N05" secret="687946aa89" server="1508" farm="2" title="Cervin _ Matterhorn" ispublic="1" isfriend="0" isfamily="0" />
	<photo id="25473566521" owner="16402045@N05" secret="cf361bb143" server="1642" farm="2" title="Crested Dragon" ispublic="1" isfriend="0" isfamily="0" />
	<photo id="25186941429" owner="52749884@N02" secret="df0be2c41c" server="1497" farm="2" title="Third Beach" ispublic="1" isfriend="0" isfamily="0" />
	<photo id="24935811744" owner="10433743@N06" secret="dbcab7b511" server="1483" farm="2" title="All the Tangled Webs We Weave" ispublic="1" isfriend="0" isfamily="0" />
	<photo id="24932285554" owner="34157718@N04" secret="7a70b1859d" server="1715" farm="2" title="&quot;So Long For This Moment&quot; (Explore)" ispublic="1" isfriend="0" isfamily="0" />
	<photo id="25523978946" owner="56201138@N03" secret="f2e233f308" server="1641" farm="2" title="" ispublic="1" isfriend="0" isfamily="0" />
</photos>
</rsp>

[Mon, 07 Mar 16 18:52:47 +0530][DEBUG] Sending request to = https://api.flickr.com/services/rest?method=flickr.interestingness.getList&oauth_nonce=2548727735234cfc9417bca6c89c841e&oauth_timestamp=1457356960GMTC&oauth_consumer_key=f1223192eab5461b28cb8a2872c27129&oauth_signature_method=HMAC-SHA1&oauth_version=1.0&oauth_signature=AkUebsUiJTCHwNsEcrASHyXiE%2Fs%3D&format=rest&nojsoncallback=1&page=20&per_page=25
[Mon, 07 Mar 16 18:52:47 +0530][DEBUG] Time take in api = 6.9573979377747E-6
[Mon, 07 Mar 16 18:52:47 +0530][DEBUG] Array
(
    [0] => https://farm2.staticflickr.com/1649/24913149043_0ed474e013_n.jpg
    [1] => https://farm2.staticflickr.com/1446/25462217801_7f20c33300_n.jpg
    [2] => https://farm2.staticflickr.com/1549/25266361100_886c097893_n.jpg
    [3] => https://farm2.staticflickr.com/1686/25249725700_7cc5979782_n.jpg
    [4] => https://farm2.staticflickr.com/1605/25181107929_797c675816_n.jpg
    [5] => https://farm2.staticflickr.com/1711/25527605116_4e7882cf0f_n.jpg
    [6] => https://farm2.staticflickr.com/1717/25517732186_c994d350ce_n.jpg
    [7] => https://farm2.staticflickr.com/1648/25467405951_f86fdcef93_n.jpg
    [8] => https://farm2.staticflickr.com/1506/25172625099_0f9057c807_n.jpg
    [9] => https://farm2.staticflickr.com/1634/24931778114_6677b29ae9_n.jpg
    [10] => https://farm2.staticflickr.com/1533/24927232754_72ffc7014d_n.jpg
    [11] => https://farm2.staticflickr.com/1629/25568906295_054d47eec4_n.jpg
    [12] => https://farm2.staticflickr.com/1550/25552118895_043c8a2dbd_n.jpg
    [13] => https://farm2.staticflickr.com/1451/25447032172_dfb7a12b19_n.jpg
    [14] => https://farm2.staticflickr.com/1615/25426609662_39747a890c_n.jpg
    [15] => https://farm2.staticflickr.com/1605/25425200542_1d3c8a49c0_n.jpg
    [16] => https://farm2.staticflickr.com/1561/24936641013_6b7578a215_n.jpg
    [17] => https://farm2.staticflickr.com/1520/25270019380_827232e459_n.jpg
    [18] => https://farm2.staticflickr.com/1642/25262230580_de22209264_n.jpg
    [19] => https://farm2.staticflickr.com/1508/24930543944_687946aa89_n.jpg
    [20] => https://farm2.staticflickr.com/1642/25473566521_cf361bb143_n.jpg
    [21] => https://farm2.staticflickr.com/1497/25186941429_df0be2c41c_n.jpg
    [22] => https://farm2.staticflickr.com/1483/24935811744_dbcab7b511_n.jpg
    [23] => https://farm2.staticflickr.com/1715/24932285554_7a70b1859d_n.jpg
    [24] => https://farm2.staticflickr.com/1641/25523978946_f2e233f308_n.jpg
)

[Mon, 07 Mar 16 18:52:47 +0530][DEBUG] [Flickr]interestingAction_end() at : time = 9.9992752075195E-10
