[Thu, 03 Mar 16 18:38:51 +0530][DEBUG] [Flickr]indexAction_start() at : 1457010531.8
[Thu, 03 Mar 16 18:38:51 +0530][DEBUG] [Flickr]indexAction_end() at : 0.01
[Thu, 03 Mar 16 18:38:51 +0530][DEBUG] [Flickr]apicallaction_start() at : 1457010531.81
[Thu, 03 Mar 16 18:38:52 +0530][DEBUG] <?xml version="1.0" encoding="utf-8" ?>
<rsp stat="ok">
<photos page="5" pages="20" perpage="25" total="500">
	<photo id="25401704166" owner="84265631@N04" secret="d34ceb0191" server="1467" farm="2" title="Pretty Kitty" ispublic="1" isfriend="0" isfamily="0" />
	<photo id="24822167493" owner="7988140@N02" secret="abfa15d143" server="1467" farm="2" title="Studio stack: Osmia" ispublic="1" isfriend="0" isfamily="0" />
	<photo id="25327064382" owner="52096016@N03" secret="a2d4d4df6a" server="1567" farm="2" title="The Ruins of the Presbytery, Easby Abbey, Yorkshire" ispublic="1" isfriend="0" isfamily="0" />
	<photo id="25432741065" owner="123730055@N04" secret="7a3c1483a4" server="1523" farm="2" title="Lucha." ispublic="1" isfriend="0" isfamily="0" />
	<photo id="25420379056" owner="53789403@N00" secret="ac2148d3e2" server="1542" farm="2" title="Clifton Suspension Bridge" ispublic="1" isfriend="0" isfamily="0" />
	<photo id="24805074053" owner="62272355@N02" secret="bda1259c2a" server="1718" farm="2" title="sueño matinal" ispublic="1" isfriend="0" isfamily="0" />
	<photo id="25402947836" owner="73360930@N08" secret="6f17043c98" server="1582" farm="2" title="silentroad" ispublic="1" isfriend="0" isfamily="0" />
	<photo id="25058679869" owner="114621596@N07" secret="cc4589dfcb" server="1535" farm="2" title="Elm" ispublic="1" isfriend="0" isfamily="0" />
	<photo id="25424373975" owner="53612537@N08" secret="816da7c3ed" server="1485" farm="2" title="NC013016" ispublic="1" isfriend="0" isfamily="0" />
	<photo id="25333032551" owner="11084844@N08" secret="46483a954d" server="1656" farm="2" title="Chester Creek Dam - Glen Mills, PA" ispublic="1" isfriend="0" isfamily="0" />
	<photo id="25151965080" owner="49214499@N06" secret="7cd242ca98" server="1680" farm="2" title="Landscape" ispublic="1" isfriend="0" isfamily="0" />
	<photo id="25321813262" owner="65405856@N04" secret="b245f6a9b4" server="1648" farm="2" title="Face the Sun" ispublic="1" isfriend="0" isfamily="0" />
	<photo id="25307720192" owner="132828400@N06" secret="55da065867" server="1623" farm="2" title="Double trouble" ispublic="1" isfriend="0" isfamily="0" />
	<photo id="25306654242" owner="75899207@N00" secret="dbf3c34bf4" server="1508" farm="2" title="McWay Falls" ispublic="1" isfriend="0" isfamily="0" />
	<photo id="25136569690" owner="22623469@N00" secret="9478ffdab2" server="1693" farm="2" title="Toy" ispublic="1" isfriend="0" isfamily="0" />
	<photo id="25355237801" owner="135716390@N07" secret="7b9bd964a4" server="1681" farm="2" title="Time to Open" ispublic="1" isfriend="0" isfamily="0" />
	<photo id="24797719273" owner="58737825@N07" secret="37d64be44a" server="1652" farm="2" title="Yellow-Rumped Warbler (Explored)" ispublic="1" isfriend="0" isfamily="0" />
	<photo id="24795593154" owner="134058068@N08" secret="ab15c73024" server="1497" farm="2" title="MAGIC" ispublic="1" isfriend="0" isfamily="0" />
	<photo id="25444998895" owner="90048688@N07" secret="6240b398d6" server="1715" farm="2" title="Quiraing Road" ispublic="1" isfriend="0" isfamily="0" />
	<photo id="25133912140" owner="67030040@N05" secret="98485dc937" server="1718" farm="2" title="The Overpass." ispublic="1" isfriend="0" isfamily="0" />
	<photo id="24816886003" owner="34274565@N05" secret="9a6b171fac" server="1519" farm="2" title="artist evicted 2016" ispublic="1" isfriend="0" isfamily="0" />
	<photo id="25443320655" owner="13817902@N00" secret="a995db77b3" server="1563" farm="2" title="Watching Over Portland" ispublic="1" isfriend="0" isfamily="0" />
	<photo id="25436734925" owner="134367143@N02" secret="9ea69e0fac" server="1564" farm="2" title="Smile" ispublic="1" isfriend="0" isfamily="0" />
	<photo id="24809777654" owner="94222108@N06" secret="0f2cfd0e55" server="1518" farm="2" title="traces" ispublic="1" isfriend="0" isfamily="0" />
	<photo id="25420054026" owner="128778579@N06" secret="394fa94091" server="1499" farm="2" title="Light in the mirror" ispublic="1" isfriend="0" isfamily="0" />
</photos>
</rsp>

[Thu, 03 Mar 16 18:38:52 +0530][DEBUG] [Flickr]apicallAction_end() at : 0.9
[Thu, 03 Mar 16 18:38:52 +0530][DEBUG] [Flickr]indexAction_start() at : 1457010532.71
[Thu, 03 Mar 16 18:38:52 +0530][DEBUG] [Flickr]interestingAction_end() at : 0
[Thu, 03 Mar 16 18:41:20 +0530][DEBUG] [Flickr]indexAction_start() at : 1457010680.03
[Thu, 03 Mar 16 18:41:20 +0530][DEBUG] [Flickr]indexAction_end() at : -0
[Thu, 03 Mar 16 18:41:20 +0530][DEBUG] [Flickr]apicallaction_start() at : 1457010680.03
[Thu, 03 Mar 16 18:41:20 +0530][DEBUG] <?xml version="1.0" encoding="utf-8" ?>
<rsp stat="ok">
<photos page="5" pages="20" perpage="25" total="500">
	<photo id="25401704166" owner="84265631@N04" secret="d34ceb0191" server="1467" farm="2" title="Pretty Kitty" ispublic="1" isfriend="0" isfamily="0" />
	<photo id="24822167493" owner="7988140@N02" secret="abfa15d143" server="1467" farm="2" title="Studio stack: Osmia" ispublic="1" isfriend="0" isfamily="0" />
	<photo id="25327064382" owner="52096016@N03" secret="a2d4d4df6a" server="1567" farm="2" title="The Ruins of the Presbytery, Easby Abbey, Yorkshire" ispublic="1" isfriend="0" isfamily="0" />
	<photo id="25432741065" owner="123730055@N04" secret="7a3c1483a4" server="1523" farm="2" title="Lucha." ispublic="1" isfriend="0" isfamily="0" />
	<photo id="25420379056" owner="53789403@N00" secret="ac2148d3e2" server="1542" farm="2" title="Clifton Suspension Bridge" ispublic="1" isfriend="0" isfamily="0" />
	<photo id="24805074053" owner="62272355@N02" secret="bda1259c2a" server="1718" farm="2" title="sueño matinal" ispublic="1" isfriend="0" isfamily="0" />
	<photo id="25402947836" owner="73360930@N08" secret="6f17043c98" server="1582" farm="2" title="silentroad" ispublic="1" isfriend="0" isfamily="0" />
	<photo id="25058679869" owner="114621596@N07" secret="cc4589dfcb" server="1535" farm="2" title="Elm" ispublic="1" isfriend="0" isfamily="0" />
	<photo id="25424373975" owner="53612537@N08" secret="816da7c3ed" server="1485" farm="2" title="NC013016" ispublic="1" isfriend="0" isfamily="0" />
	<photo id="25333032551" owner="11084844@N08" secret="46483a954d" server="1656" farm="2" title="Chester Creek Dam - Glen Mills, PA" ispublic="1" isfriend="0" isfamily="0" />
	<photo id="25151965080" owner="49214499@N06" secret="7cd242ca98" server="1680" farm="2" title="Landscape" ispublic="1" isfriend="0" isfamily="0" />
	<photo id="25321813262" owner="65405856@N04" secret="b245f6a9b4" server="1648" farm="2" title="Face the Sun" ispublic="1" isfriend="0" isfamily="0" />
	<photo id="25307720192" owner="132828400@N06" secret="55da065867" server="1623" farm="2" title="Double trouble" ispublic="1" isfriend="0" isfamily="0" />
	<photo id="25306654242" owner="75899207@N00" secret="dbf3c34bf4" server="1508" farm="2" title="McWay Falls" ispublic="1" isfriend="0" isfamily="0" />
	<photo id="25136569690" owner="22623469@N00" secret="9478ffdab2" server="1693" farm="2" title="Toy" ispublic="1" isfriend="0" isfamily="0" />
	<photo id="25355237801" owner="135716390@N07" secret="7b9bd964a4" server="1681" farm="2" title="Time to Open" ispublic="1" isfriend="0" isfamily="0" />
	<photo id="24797719273" owner="58737825@N07" secret="37d64be44a" server="1652" farm="2" title="Yellow-Rumped Warbler (Explored)" ispublic="1" isfriend="0" isfamily="0" />
	<photo id="24795593154" owner="134058068@N08" secret="ab15c73024" server="1497" farm="2" title="MAGIC" ispublic="1" isfriend="0" isfamily="0" />
	<photo id="25444998895" owner="90048688@N07" secret="6240b398d6" server="1715" farm="2" title="Quiraing Road" ispublic="1" isfriend="0" isfamily="0" />
	<photo id="25133912140" owner="67030040@N05" secret="98485dc937" server="1718" farm="2" title="The Overpass." ispublic="1" isfriend="0" isfamily="0" />
	<photo id="24816886003" owner="34274565@N05" secret="9a6b171fac" server="1519" farm="2" title="artist evicted 2016" ispublic="1" isfriend="0" isfamily="0" />
	<photo id="25443320655" owner="13817902@N00" secret="a995db77b3" server="1563" farm="2" title="Watching Over Portland" ispublic="1" isfriend="0" isfamily="0" />
	<photo id="25436734925" owner="134367143@N02" secret="9ea69e0fac" server="1564" farm="2" title="Smile" ispublic="1" isfriend="0" isfamily="0" />
	<photo id="24809777654" owner="94222108@N06" secret="0f2cfd0e55" server="1518" farm="2" title="traces" ispublic="1" isfriend="0" isfamily="0" />
	<photo id="25420054026" owner="128778579@N06" secret="394fa94091" server="1499" farm="2" title="Light in the mirror" ispublic="1" isfriend="0" isfamily="0" />
</photos>
</rsp>

[Thu, 03 Mar 16 18:41:20 +0530][DEBUG] [Flickr]apicallAction_page 5
[Thu, 03 Mar 16 18:41:20 +0530][DEBUG] [Flickr]apicallAction_end() at : 0.82
[Thu, 03 Mar 16 18:41:20 +0530][DEBUG] [Flickr]indexAction_start() at : 1457010680.85
[Thu, 03 Mar 16 18:41:20 +0530][DEBUG] [Flickr]interestingAction_end() at : 0.01
[Thu, 03 Mar 16 18:41:29 +0530][DEBUG] [Flickr]indexAction_start() at : 1457010689.72
[Thu, 03 Mar 16 18:41:29 +0530][DEBUG] [Flickr]indexAction_end() at : 0.01
[Thu, 03 Mar 16 18:41:29 +0530][DEBUG] [Flickr]apicallaction_start() at : 1457010689.73
[Thu, 03 Mar 16 18:41:31 +0530][DEBUG] <?xml version="1.0" encoding="utf-8" ?>
<rsp stat="ok">
<photos page="1" pages="20" perpage="25" total="500">
	<photo id="25432433465" owner="47919595@N02" secret="472cd8795a" server="1535" farm="2" title="Lake Mungo / Mungo National Park" ispublic="1" isfriend="0" isfamily="0" />
	<photo id="25451874665" owner="75857967@N08" secret="8990d69248" server="1703" farm="2" title="Donde el cielo y la tierra son uno..." ispublic="1" isfriend="0" isfamily="0" />
	<photo id="25438830755" owner="30179751@N06" secret="2524c6fd31" server="1525" farm="2" title="Moon over Saint Helens" ispublic="1" isfriend="0" isfamily="0" />
	<photo id="25429797215" owner="56509507@N06" secret="c615ce5e5a" server="1660" farm="2" title="A Southpaw boxing Grey Squirrel." ispublic="1" isfriend="0" isfamily="0" />
	<photo id="25416649976" owner="91805169@N04" secret="9fb728e420" server="1521" farm="2" title="Sunset walk" ispublic="1" isfriend="0" isfamily="0" />
	<photo id="24812744874" owner="62261886@N03" secret="fabe7346d7" server="1677" farm="2" title="Polyommatus bellargus - the Adonis Blue (female)" ispublic="1" isfriend="0" isfamily="0" />
	<photo id="24805072224" owner="65442123@N00" secret="2a9633df84" server="1470" farm="2" title="Mediterranean Sky" ispublic="1" isfriend="0" isfamily="0" />
	<photo id="24806597543" owner="98261679@N05" secret="11ce2bc1a6" server="1720" farm="2" title="Natures light painter *Explored*" ispublic="1" isfriend="0" isfamily="0" />
	<photo id="25323729052" owner="47089990@N02" secret="178f8f85e5" server="1560" farm="2" title="Moonlight" ispublic="1" isfriend="0" isfamily="0" />
	<photo id="25309877912" owner="77339363@N00" secret="ce5520a1d6" server="1641" farm="2" title="Mayhem at Sunset" ispublic="1" isfriend="0" isfamily="0" />
	<photo id="25057688689" owner="34020183@N03" secret="7ce03c618a" server="1523" farm="2" title="Black Scoter, ♂" ispublic="1" isfriend="0" isfamily="0" />
	<photo id="25066944259" owner="75894761@N08" secret="6a65937bf5" server="1623" farm="2" title="Young Red deer and fly" ispublic="1" isfriend="0" isfamily="0" />
	<photo id="25439356905" owner="44319079@N06" secret="0253499dc8" server="1665" farm="2" title="Kawazu Sakura in Izu 南伊豆町の桜並木" ispublic="1" isfriend="0" isfamily="0" />
	<photo id="25151134780" owner="73722735@N02" secret="45cce97b77" server="1666" farm="2" title="Sun, sea &amp; snow" ispublic="1" isfriend="0" isfamily="0" />
	<photo id="25439257375" owner="128294308@N05" secret="cdfbea4130" server="1568" farm="2" title="RIP my 100D Fallen in the Beautiful Cascades of Soubey ? - The Last Heroic Shot" ispublic="1" isfriend="0" isfamily="0" />
	<photo id="25068723529" owner="70075489@N03" secret="2c1c68a9b8" server="1720" farm="2" title="Balvanera" ispublic="1" isfriend="0" isfamily="0" />
	<photo id="25397943496" owner="38880314@N07" secret="4650a650b9" server="1683" farm="2" title="Fueled by Coffee **Explored**" ispublic="1" isfriend="0" isfamily="0" />
	<photo id="25410066566" owner="20046966@N05" secret="e96a0c5ef5" server="1578" farm="2" title="A walk in the desert" ispublic="1" isfriend="0" isfamily="0" />
	<photo id="25313098472" owner="136328698@N02" secret="9f76917e14" server="1640" farm="2" title="Autumn colors!" ispublic="1" isfriend="0" isfamily="0" />
	<photo id="25417332676" owner="94807198@N03" secret="4a8149f8f1" server="1502" farm="2" title="Balade en foret ..." ispublic="1" isfriend="0" isfamily="0" />
	<photo id="25412345876" owner="76107368@N02" secret="9a5fa2bd3a" server="1467" farm="2" title="Being Pure …." ispublic="1" isfriend="0" isfamily="0" />
	<photo id="24819695023" owner="36644893@N05" secret="edab06f923" server="1590" farm="2" title="Colourfull sky at Nijmegen de Snelbinder" ispublic="1" isfriend="0" isfamily="0" />
	<photo id="25430334865" owner="126889546@N08" secret="439da46300" server="1564" farm="2" title="Ice floes" ispublic="1" isfriend="0" isfamily="0" />
	<photo id="25416216706" owner="95078211@N03" secret="d9e7d4e254" server="1596" farm="2" title="Fiesta!" ispublic="1" isfriend="0" isfamily="0" />
	<photo id="25415239776" owner="29021614@N05" secret="c18f3b9f7d" server="1588" farm="2" title="Whirl, Twirl, Swirl, Curl" ispublic="1" isfriend="0" isfamily="0" />
</photos>
</rsp>

[Thu, 03 Mar 16 18:41:31 +0530][DEBUG] [Flickr]apicallAction_page 1
[Thu, 03 Mar 16 18:41:31 +0530][DEBUG] [Flickr]apicallAction_end() at : 2.18
[Thu, 03 Mar 16 18:41:31 +0530][DEBUG] [Flickr]indexAction_start() at : 1457010691.91
[Thu, 03 Mar 16 18:41:31 +0530][DEBUG] [Flickr]interestingAction_end() at : 0
[Thu, 03 Mar 16 18:45:25 +0530][DEBUG] [Flickr]indexAction_start() at : 1457010925.52
[Thu, 03 Mar 16 18:45:25 +0530][DEBUG] [Flickr]indexAction_end() at : -0
[Thu, 03 Mar 16 18:45:25 +0530][DEBUG] [Flickr]apicallaction_start() at : 1457010925.52
[Thu, 03 Mar 16 18:45:26 +0530][DEBUG] <?xml version="1.0" encoding="utf-8" ?>
<rsp stat="ok">
<photos page="1" pages="20" perpage="25" total="500">
	<photo id="25432433465" owner="47919595@N02" secret="472cd8795a" server="1535" farm="2" title="Lake Mungo / Mungo National Park" ispublic="1" isfriend="0" isfamily="0" />
	<photo id="25451874665" owner="75857967@N08" secret="8990d69248" server="1703" farm="2" title="Donde el cielo y la tierra son uno..." ispublic="1" isfriend="0" isfamily="0" />
	<photo id="25438830755" owner="30179751@N06" secret="2524c6fd31" server="1525" farm="2" title="Moon over Saint Helens" ispublic="1" isfriend="0" isfamily="0" />
	<photo id="25429797215" owner="56509507@N06" secret="c615ce5e5a" server="1660" farm="2" title="A Southpaw boxing Grey Squirrel." ispublic="1" isfriend="0" isfamily="0" />
	<photo id="25416649976" owner="91805169@N04" secret="9fb728e420" server="1521" farm="2" title="Sunset walk" ispublic="1" isfriend="0" isfamily="0" />
	<photo id="24812744874" owner="62261886@N03" secret="fabe7346d7" server="1677" farm="2" title="Polyommatus bellargus - the Adonis Blue (female)" ispublic="1" isfriend="0" isfamily="0" />
	<photo id="24805072224" owner="65442123@N00" secret="2a9633df84" server="1470" farm="2" title="Mediterranean Sky" ispublic="1" isfriend="0" isfamily="0" />
	<photo id="24806597543" owner="98261679@N05" secret="11ce2bc1a6" server="1720" farm="2" title="Natures light painter *Explored*" ispublic="1" isfriend="0" isfamily="0" />
	<photo id="25323729052" owner="47089990@N02" secret="178f8f85e5" server="1560" farm="2" title="Moonlight" ispublic="1" isfriend="0" isfamily="0" />
	<photo id="25309877912" owner="77339363@N00" secret="ce5520a1d6" server="1641" farm="2" title="Mayhem at Sunset" ispublic="1" isfriend="0" isfamily="0" />
	<photo id="25057688689" owner="34020183@N03" secret="7ce03c618a" server="1523" farm="2" title="Black Scoter, ♂" ispublic="1" isfriend="0" isfamily="0" />
	<photo id="25066944259" owner="75894761@N08" secret="6a65937bf5" server="1623" farm="2" title="Young Red deer and fly" ispublic="1" isfriend="0" isfamily="0" />
	<photo id="25439356905" owner="44319079@N06" secret="0253499dc8" server="1665" farm="2" title="Kawazu Sakura in Izu 南伊豆町の桜並木" ispublic="1" isfriend="0" isfamily="0" />
	<photo id="25151134780" owner="73722735@N02" secret="45cce97b77" server="1666" farm="2" title="Sun, sea &amp; snow" ispublic="1" isfriend="0" isfamily="0" />
	<photo id="25439257375" owner="128294308@N05" secret="cdfbea4130" server="1568" farm="2" title="RIP my 100D Fallen in the Beautiful Cascades of Soubey ? - The Last Heroic Shot" ispublic="1" isfriend="0" isfamily="0" />
	<photo id="25068723529" owner="70075489@N03" secret="2c1c68a9b8" server="1720" farm="2" title="Balvanera" ispublic="1" isfriend="0" isfamily="0" />
	<photo id="25397943496" owner="38880314@N07" secret="4650a650b9" server="1683" farm="2" title="Fueled by Coffee **Explored**" ispublic="1" isfriend="0" isfamily="0" />
	<photo id="25410066566" owner="20046966@N05" secret="e96a0c5ef5" server="1578" farm="2" title="A walk in the desert" ispublic="1" isfriend="0" isfamily="0" />
	<photo id="25313098472" owner="136328698@N02" secret="9f76917e14" server="1640" farm="2" title="Autumn colors!" ispublic="1" isfriend="0" isfamily="0" />
	<photo id="25417332676" owner="94807198@N03" secret="4a8149f8f1" server="1502" farm="2" title="Balade en foret ..." ispublic="1" isfriend="0" isfamily="0" />
	<photo id="25412345876" owner="76107368@N02" secret="9a5fa2bd3a" server="1467" farm="2" title="Being Pure …." ispublic="1" isfriend="0" isfamily="0" />
	<photo id="24819695023" owner="36644893@N05" secret="edab06f923" server="1590" farm="2" title="Colourfull sky at Nijmegen de Snelbinder" ispublic="1" isfriend="0" isfamily="0" />
	<photo id="25430334865" owner="126889546@N08" secret="439da46300" server="1564" farm="2" title="Ice floes" ispublic="1" isfriend="0" isfamily="0" />
	<photo id="25416216706" owner="95078211@N03" secret="d9e7d4e254" server="1596" farm="2" title="Fiesta!" ispublic="1" isfriend="0" isfamily="0" />
	<photo id="25415239776" owner="29021614@N05" secret="c18f3b9f7d" server="1588" farm="2" title="Whirl, Twirl, Swirl, Curl" ispublic="1" isfriend="0" isfamily="0" />
</photos>
</rsp>

[Thu, 03 Mar 16 18:45:26 +0530][DEBUG] 
[Thu, 03 Mar 16 18:45:26 +0530][DEBUG] 
[Thu, 03 Mar 16 18:45:26 +0530][DEBUG] https://api.flickr.com/services/rest
[Thu, 03 Mar 16 18:45:26 +0530][DEBUG] [Flickr]apicallAction_page 1
[Thu, 03 Mar 16 18:45:26 +0530][DEBUG] [Flickr]apicallAction_end() at : 0.74
[Thu, 03 Mar 16 18:45:26 +0530][DEBUG] [Flickr]indexAction_start() at : 1457010926.26
[Thu, 03 Mar 16 18:45:26 +0530][DEBUG] [Flickr]interestingAction_end() at : 0
[Thu, 03 Mar 16 18:45:35 +0530][DEBUG] [Flickr]indexAction_start() at : 1457010935.27
[Thu, 03 Mar 16 18:45:35 +0530][DEBUG] [Flickr]indexAction_end() at : -0
[Thu, 03 Mar 16 18:45:35 +0530][DEBUG] [Flickr]apicallaction_start() at : 1457010935.27
[Thu, 03 Mar 16 18:45:39 +0530][DEBUG] <?xml version="1.0" encoding="utf-8" ?>
<rsp stat="ok">
<photos page="8" pages="20" perpage="25" total="500">
	<photo id="25415612146" owner="66454543@N05" secret="762b38411d" server="1605" farm="2" title="SHIPS PASSING" ispublic="1" isfriend="0" isfamily="0" />
	<photo id="24822308444" owner="77136928@N04" secret="2630def27d" server="1581" farm="2" title="Ageing" ispublic="1" isfriend="0" isfamily="0" />
	<photo id="24821396653" owner="46047867@N08" secret="94ab66fc7c" server="1559" farm="2" title="Tank Turm" ispublic="1" isfriend="0" isfamily="0" />
	<photo id="24816887594" owner="45304831@N02" secret="8138048468" server="1562" farm="2" title="Pied Kingfisher" ispublic="1" isfriend="0" isfamily="0" />
	<photo id="25423179026" owner="15504446@N05" secret="b4946ffb57" server="1708" farm="2" title="Bonavista Sunset" ispublic="1" isfriend="0" isfamily="0" />
	<photo id="25357969571" owner="127106223@N05" secret="2430b59170" server="1664" farm="2" title="***" ispublic="1" isfriend="0" isfamily="0" />
	<photo id="25152902880" owner="135329618@N03" secret="106fa8cbc6" server="1671" farm="2" title="62/366: Cast a long shadow - explored" ispublic="1" isfriend="0" isfamily="0" />
	<photo id="24818095474" owner="124827681@N06" secret="0124b46729" server="1489" farm="2" title="Tunstall Circular Walk" ispublic="1" isfriend="0" isfamily="0" />
	<photo id="25328944762" owner="102472425@N06" secret="7b494d6cb8" server="1495" farm="2" title="Frosty Snowdrops" ispublic="1" isfriend="0" isfamily="0" />
	<photo id="25322750342" owner="79317708@N07" secret="b76ef5e90b" server="1601" farm="2" title="black and blue" ispublic="1" isfriend="0" isfamily="0" />
	<photo id="25450169745" owner="52160076@N08" secret="9e541f2743" server="1472" farm="2" title="Zabriskie Dawn" ispublic="1" isfriend="0" isfamily="0" />
	<photo id="25067454889" owner="39584579@N07" secret="d9e713f503" server="1482" farm="2" title="Gueirúa Asturias" ispublic="1" isfriend="0" isfamily="0" />
	<photo id="25327313242" owner="130002917@N03" secret="e5dea71da4" server="1458" farm="2" title="Élégance" ispublic="1" isfriend="0" isfamily="0" />
	<photo id="25424459826" owner="92698635@N00" secret="ace2b1fc12" server="1497" farm="2" title="Painting Yellowstone" ispublic="1" isfriend="0" isfamily="0" />
	<photo id="25414840486" owner="65723210@N00" secret="c4593bc6a7" server="1553" farm="2" title="" ispublic="1" isfriend="0" isfamily="0" />
	<photo id="25355794151" owner="96054745@N06" secret="ea5695534c" server="1624" farm="2" title="salice" ispublic="1" isfriend="0" isfamily="0" />
	<photo id="25343763761" owner="96844815@N03" secret="9770587d63" server="1600" farm="2" title="The Staggering [Explore 3/3/16]" ispublic="1" isfriend="0" isfamily="0" />
	<photo id="25310055862" owner="137011330@N02" secret="364ec69e3e" server="1702" farm="2" title="055OnTheRocks" ispublic="1" isfriend="0" isfamily="0" />
	<photo id="24820995193" owner="73452347@N06" secret="cb10fec8f7" server="1526" farm="2" title="One Owner" ispublic="1" isfriend="0" isfamily="0" />
	<photo id="24814897843" owner="29577150@N04" secret="9f6af19a77" server="1626" farm="2" title=":~ Feeling Preen and Clean ~:" ispublic="1" isfriend="0" isfamily="0" />
	<photo id="25447290065" owner="60420609@N07" secret="cbe346e233" server="1490" farm="2" title="Dusk at Portpatrick" ispublic="1" isfriend="0" isfamily="0" />
	<photo id="24814538524" owner="93140244@N02" secret="6833ffbaa6" server="1685" farm="2" title="Yellow-footed Pigeon in Pench Tiger Reserve, India" ispublic="1" isfriend="0" isfamily="0" />
	<photo id="24811243124" owner="19335591@N02" secret="40bbbda1b0" server="1446" farm="2" title="Pileated Woodpecker (female)" ispublic="1" isfriend="0" isfamily="0" />
	<photo id="25418609686" owner="90056226@N08" secret="3ef001234c" server="1625" farm="2" title="" ispublic="1" isfriend="0" isfamily="0" />
	<photo id="25316983952" owner="126850482@N05" secret="6bf6a643c5" server="1620" farm="2" title="Koude ochtend mooie zon" ispublic="1" isfriend="0" isfamily="0" />
</photos>
</rsp>

[Thu, 03 Mar 16 18:45:39 +0530][DEBUG] 
[Thu, 03 Mar 16 18:45:39 +0530][DEBUG] 
[Thu, 03 Mar 16 18:45:39 +0530][DEBUG] https://api.flickr.com/services/rest
[Thu, 03 Mar 16 18:45:39 +0530][DEBUG] [Flickr]apicallAction_page 8
[Thu, 03 Mar 16 18:45:39 +0530][DEBUG] [Flickr]apicallAction_end() at : 3.98
[Thu, 03 Mar 16 18:45:39 +0530][DEBUG] [Flickr]indexAction_start() at : 1457010939.25
[Thu, 03 Mar 16 18:45:39 +0530][DEBUG] [Flickr]interestingAction_end() at : 0
[Thu, 03 Mar 16 18:47:35 +0530][DEBUG] [Flickr]indexAction_start() at : 1457011055.87
[Thu, 03 Mar 16 18:47:35 +0530][DEBUG] [Flickr]indexAction_end() at : -0
[Thu, 03 Mar 16 18:47:35 +0530][DEBUG] [Flickr]apicallaction_start() at : 1457011055.87
[Thu, 03 Mar 16 18:47:36 +0530][DEBUG] result<?xml version="1.0" encoding="utf-8" ?>
<rsp stat="ok">
<photos page="8" pages="20" perpage="25" total="500">
	<photo id="25415612146" owner="66454543@N05" secret="762b38411d" server="1605" farm="2" title="SHIPS PASSING" ispublic="1" isfriend="0" isfamily="0" />
	<photo id="24822308444" owner="77136928@N04" secret="2630def27d" server="1581" farm="2" title="Ageing" ispublic="1" isfriend="0" isfamily="0" />
	<photo id="24821396653" owner="46047867@N08" secret="94ab66fc7c" server="1559" farm="2" title="Tank Turm" ispublic="1" isfriend="0" isfamily="0" />
	<photo id="24816887594" owner="45304831@N02" secret="8138048468" server="1562" farm="2" title="Pied Kingfisher" ispublic="1" isfriend="0" isfamily="0" />
	<photo id="25423179026" owner="15504446@N05" secret="b4946ffb57" server="1708" farm="2" title="Bonavista Sunset" ispublic="1" isfriend="0" isfamily="0" />
	<photo id="25357969571" owner="127106223@N05" secret="2430b59170" server="1664" farm="2" title="***" ispublic="1" isfriend="0" isfamily="0" />
	<photo id="25152902880" owner="135329618@N03" secret="106fa8cbc6" server="1671" farm="2" title="62/366: Cast a long shadow - explored" ispublic="1" isfriend="0" isfamily="0" />
	<photo id="24818095474" owner="124827681@N06" secret="0124b46729" server="1489" farm="2" title="Tunstall Circular Walk" ispublic="1" isfriend="0" isfamily="0" />
	<photo id="25328944762" owner="102472425@N06" secret="7b494d6cb8" server="1495" farm="2" title="Frosty Snowdrops" ispublic="1" isfriend="0" isfamily="0" />
	<photo id="25322750342" owner="79317708@N07" secret="b76ef5e90b" server="1601" farm="2" title="black and blue" ispublic="1" isfriend="0" isfamily="0" />
	<photo id="25450169745" owner="52160076@N08" secret="9e541f2743" server="1472" farm="2" title="Zabriskie Dawn" ispublic="1" isfriend="0" isfamily="0" />
	<photo id="25067454889" owner="39584579@N07" secret="d9e713f503" server="1482" farm="2" title="Gueirúa Asturias" ispublic="1" isfriend="0" isfamily="0" />
	<photo id="25327313242" owner="130002917@N03" secret="e5dea71da4" server="1458" farm="2" title="Élégance" ispublic="1" isfriend="0" isfamily="0" />
	<photo id="25424459826" owner="92698635@N00" secret="ace2b1fc12" server="1497" farm="2" title="Painting Yellowstone" ispublic="1" isfriend="0" isfamily="0" />
	<photo id="25414840486" owner="65723210@N00" secret="c4593bc6a7" server="1553" farm="2" title="" ispublic="1" isfriend="0" isfamily="0" />
	<photo id="25355794151" owner="96054745@N06" secret="ea5695534c" server="1624" farm="2" title="salice" ispublic="1" isfriend="0" isfamily="0" />
	<photo id="25343763761" owner="96844815@N03" secret="9770587d63" server="1600" farm="2" title="The Staggering [Explore 3/3/16]" ispublic="1" isfriend="0" isfamily="0" />
	<photo id="25310055862" owner="137011330@N02" secret="364ec69e3e" server="1702" farm="2" title="055OnTheRocks" ispublic="1" isfriend="0" isfamily="0" />
	<photo id="24820995193" owner="73452347@N06" secret="cb10fec8f7" server="1526" farm="2" title="One Owner" ispublic="1" isfriend="0" isfamily="0" />
	<photo id="24814897843" owner="29577150@N04" secret="9f6af19a77" server="1626" farm="2" title=":~ Feeling Preen and Clean ~:" ispublic="1" isfriend="0" isfamily="0" />
	<photo id="25447290065" owner="60420609@N07" secret="cbe346e233" server="1490" farm="2" title="Dusk at Portpatrick" ispublic="1" isfriend="0" isfamily="0" />
	<photo id="24814538524" owner="93140244@N02" secret="6833ffbaa6" server="1685" farm="2" title="Yellow-footed Pigeon in Pench Tiger Reserve, India" ispublic="1" isfriend="0" isfamily="0" />
	<photo id="24811243124" owner="19335591@N02" secret="40bbbda1b0" server="1446" farm="2" title="Pileated Woodpecker (female)" ispublic="1" isfriend="0" isfamily="0" />
	<photo id="25418609686" owner="90056226@N08" secret="3ef001234c" server="1625" farm="2" title="" ispublic="1" isfriend="0" isfamily="0" />
	<photo id="25316983952" owner="126850482@N05" secret="6bf6a643c5" server="1620" farm="2" title="Koude ochtend mooie zon" ispublic="1" isfriend="0" isfamily="0" />
</photos>
</rsp>

[Thu, 03 Mar 16 18:47:36 +0530][DEBUG] oauth_token
[Thu, 03 Mar 16 18:47:36 +0530][DEBUG] oauth_token_secret
[Thu, 03 Mar 16 18:47:36 +0530][DEBUG] Sending request to https://api.flickr.com/services/rest
[Thu, 03 Mar 16 18:47:36 +0530][DEBUG] [Flickr]apicallAction_page 8
[Thu, 03 Mar 16 18:47:36 +0530][DEBUG] [Flickr]apicallAction_end() at : 0.73
[Thu, 03 Mar 16 18:47:36 +0530][DEBUG] [Flickr]indexAction_start() at : 1457011056.6
[Thu, 03 Mar 16 18:47:36 +0530][DEBUG] [Flickr]interestingAction_end() at : 0.01
[Thu, 03 Mar 16 18:47:41 +0530][DEBUG] [Flickr]indexAction_start() at : 1457011061.62
[Thu, 03 Mar 16 18:47:41 +0530][DEBUG] [Flickr]indexAction_end() at : 0
[Thu, 03 Mar 16 18:47:41 +0530][DEBUG] [Flickr]apicallaction_start() at : 1457011061.62
[Thu, 03 Mar 16 18:47:42 +0530][DEBUG] result<?xml version="1.0" encoding="utf-8" ?>
<rsp stat="ok">
<photos page="3" pages="20" perpage="25" total="500">
	<photo id="25443827325" owner="37729610@N06" secret="734bab5f96" server="1573" farm="2" title="Sunset Pier" ispublic="1" isfriend="0" isfamily="0" />
	<photo id="25329370512" owner="95794505@N06" secret="ab900523c3" server="1607" farm="2" title="Love" ispublic="1" isfriend="0" isfamily="0" />
	<photo id="25339029531" owner="38398212@N02" secret="0db3cfd0b5" server="1531" farm="2" title="Landing gear employed....." ispublic="1" isfriend="0" isfamily="0" />
	<photo id="24802578303" owner="119400285@N07" secret="e3c80f8084" server="1704" farm="2" title="Footprints" ispublic="1" isfriend="0" isfamily="0" />
	<photo id="25445772825" owner="57562078@N03" secret="8e1163116b" server="1463" farm="2" title="Where did that Car Go" ispublic="1" isfriend="0" isfamily="0" />
	<photo id="25435959195" owner="94720786@N04" secret="059aa015e4" server="1671" farm="2" title="Surrounded" ispublic="1" isfriend="0" isfamily="0" />
	<photo id="25422257806" owner="44124474312@N01" secret="acbf865a6b" server="1649" farm="2" title="ARC" ispublic="1" isfriend="0" isfamily="0" />
	<photo id="25149537410" owner="92110231@N03" secret="2f2eab3eb2" server="1453" farm="2" title="Moraine Lake VII" ispublic="1" isfriend="0" isfamily="0" />
	<photo id="25322335112" owner="39016079@N06" secret="76c4033486" server="1591" farm="2" title="台東-池上" ispublic="1" isfriend="0" isfamily="0" />
	<photo id="25140238800" owner="48538746@N06" secret="e79885b04c" server="1620" farm="2" title="~`~" ispublic="1" isfriend="0" isfamily="0" />
	<photo id="24824322293" owner="86656817@N08" secret="56aa2748d9" server="1713" farm="2" title="Fly on Xanthoria parietina" ispublic="1" isfriend="0" isfamily="0" />
	<photo id="25080944209" owner="126150348@N06" secret="2cfcb29d84" server="1703" farm="2" title="Guardian of the forest" ispublic="1" isfriend="0" isfamily="0" />
	<photo id="24796868773" owner="25477456@N06" secret="0fd2c0dd58" server="1605" farm="2" title="the team" ispublic="1" isfriend="0" isfamily="0" />
	<photo id="25438589875" owner="21073708@N05" secret="8f783e23e0" server="1662" farm="2" title="in. vertigo" ispublic="1" isfriend="0" isfamily="0" />
	<photo id="24812112563" owner="135393034@N06" secret="5aa6f54512" server="1644" farm="2" title="Of course I do" ispublic="1" isfriend="0" isfamily="0" />
	<photo id="25416595866" owner="128356571@N08" secret="3df11bc962" server="1583" farm="2" title="Abandoned (In Explore)" ispublic="1" isfriend="0" isfamily="0" />
	<photo id="25307084882" owner="52348894@N02" secret="7caaea8074" server="1518" farm="2" title="Sweet Song" ispublic="1" isfriend="0" isfamily="0" />
	<photo id="25424951355" owner="37030107@N02" secret="75c2523bbd" server="1584" farm="2" title="Hawk Eye" ispublic="1" isfriend="0" isfamily="0" />
	<photo id="25320743122" owner="63834741@N02" secret="996a8c076c" server="1506" farm="2" title="Red-Flanked Bluetail" ispublic="1" isfriend="0" isfamily="0" />
	<photo id="25409768276" owner="76765966@N00" secret="53729b5e4a" server="1656" farm="2" title="Coming Home for Spring" ispublic="1" isfriend="0" isfamily="0" />
	<photo id="25406915616" owner="90978729@N08" secret="3d87683fea" server="1517" farm="2" title="293/365" ispublic="1" isfriend="0" isfamily="0" />
	<photo id="25432069605" owner="98658066@N00" secret="dcc8eeb3c7" server="1694" farm="2" title="Lady Lamington Nurses Home, Brisbane" ispublic="1" isfriend="0" isfamily="0" />
	<photo id="25333945552" owner="112878957@N06" secret="1996002446" server="1518" farm="2" title="" ispublic="1" isfriend="0" isfamily="0" />
	<photo id="24811184583" owner="62089664@N07" secret="e67086dbb4" server="1550" farm="2" title="Streaks of Light" ispublic="1" isfriend="0" isfamily="0" />
	<photo id="25317927602" owner="100193876@N06" secret="df616dfe62" server="1581" farm="2" title="Quinlan's Fish &amp; Chips (Explored)" ispublic="1" isfriend="0" isfamily="0" />
</photos>
</rsp>

[Thu, 03 Mar 16 18:47:42 +0530][DEBUG] oauth_token
[Thu, 03 Mar 16 18:47:42 +0530][DEBUG] oauth_token_secret
[Thu, 03 Mar 16 18:47:42 +0530][DEBUG] Sending request to https://api.flickr.com/services/rest
[Thu, 03 Mar 16 18:47:42 +0530][DEBUG] [Flickr]apicallAction_page 3
[Thu, 03 Mar 16 18:47:42 +0530][DEBUG] [Flickr]apicallAction_end() at : 0.68
[Thu, 03 Mar 16 18:47:42 +0530][DEBUG] [Flickr]indexAction_start() at : 1457011062.3
[Thu, 03 Mar 16 18:47:42 +0530][DEBUG] [Flickr]interestingAction_end() at : 0
[Thu, 03 Mar 16 18:50:01 +0530][DEBUG] [Flickr]indexAction_start() at : 1457011201.93
[Thu, 03 Mar 16 18:50:01 +0530][DEBUG] [Flickr]indexAction_end() at : 0
[Thu, 03 Mar 16 18:50:01 +0530][DEBUG] [Flickr]apicallaction_start() at : 1457011201.93
[Thu, 03 Mar 16 18:50:02 +0530][DEBUG] result<?xml version="1.0" encoding="utf-8" ?>
<rsp stat="ok">
<photos page="3" pages="20" perpage="25" total="500">
	<photo id="25443827325" owner="37729610@N06" secret="734bab5f96" server="1573" farm="2" title="Sunset Pier" ispublic="1" isfriend="0" isfamily="0" />
	<photo id="25329370512" owner="95794505@N06" secret="ab900523c3" server="1607" farm="2" title="Love" ispublic="1" isfriend="0" isfamily="0" />
	<photo id="25339029531" owner="38398212@N02" secret="0db3cfd0b5" server="1531" farm="2" title="Landing gear employed....." ispublic="1" isfriend="0" isfamily="0" />
	<photo id="24802578303" owner="119400285@N07" secret="e3c80f8084" server="1704" farm="2" title="Footprints" ispublic="1" isfriend="0" isfamily="0" />
	<photo id="25445772825" owner="57562078@N03" secret="8e1163116b" server="1463" farm="2" title="Where did that Car Go" ispublic="1" isfriend="0" isfamily="0" />
	<photo id="25435959195" owner="94720786@N04" secret="059aa015e4" server="1671" farm="2" title="Surrounded" ispublic="1" isfriend="0" isfamily="0" />
	<photo id="25422257806" owner="44124474312@N01" secret="acbf865a6b" server="1649" farm="2" title="ARC" ispublic="1" isfriend="0" isfamily="0" />
	<photo id="25149537410" owner="92110231@N03" secret="2f2eab3eb2" server="1453" farm="2" title="Moraine Lake VII" ispublic="1" isfriend="0" isfamily="0" />
	<photo id="25322335112" owner="39016079@N06" secret="76c4033486" server="1591" farm="2" title="台東-池上" ispublic="1" isfriend="0" isfamily="0" />
	<photo id="25140238800" owner="48538746@N06" secret="e79885b04c" server="1620" farm="2" title="~`~" ispublic="1" isfriend="0" isfamily="0" />
	<photo id="24824322293" owner="86656817@N08" secret="56aa2748d9" server="1713" farm="2" title="Fly on Xanthoria parietina" ispublic="1" isfriend="0" isfamily="0" />
	<photo id="25080944209" owner="126150348@N06" secret="2cfcb29d84" server="1703" farm="2" title="Guardian of the forest" ispublic="1" isfriend="0" isfamily="0" />
	<photo id="24796868773" owner="25477456@N06" secret="0fd2c0dd58" server="1605" farm="2" title="the team" ispublic="1" isfriend="0" isfamily="0" />
	<photo id="25438589875" owner="21073708@N05" secret="8f783e23e0" server="1662" farm="2" title="in. vertigo" ispublic="1" isfriend="0" isfamily="0" />
	<photo id="24812112563" owner="135393034@N06" secret="5aa6f54512" server="1644" farm="2" title="Of course I do" ispublic="1" isfriend="0" isfamily="0" />
	<photo id="25416595866" owner="128356571@N08" secret="3df11bc962" server="1583" farm="2" title="Abandoned (In Explore)" ispublic="1" isfriend="0" isfamily="0" />
	<photo id="25307084882" owner="52348894@N02" secret="7caaea8074" server="1518" farm="2" title="Sweet Song" ispublic="1" isfriend="0" isfamily="0" />
	<photo id="25424951355" owner="37030107@N02" secret="75c2523bbd" server="1584" farm="2" title="Hawk Eye" ispublic="1" isfriend="0" isfamily="0" />
	<photo id="25320743122" owner="63834741@N02" secret="996a8c076c" server="1506" farm="2" title="Red-Flanked Bluetail" ispublic="1" isfriend="0" isfamily="0" />
	<photo id="25409768276" owner="76765966@N00" secret="53729b5e4a" server="1656" farm="2" title="Coming Home for Spring" ispublic="1" isfriend="0" isfamily="0" />
	<photo id="25406915616" owner="90978729@N08" secret="3d87683fea" server="1517" farm="2" title="293/365" ispublic="1" isfriend="0" isfamily="0" />
	<photo id="25432069605" owner="98658066@N00" secret="dcc8eeb3c7" server="1694" farm="2" title="Lady Lamington Nurses Home, Brisbane" ispublic="1" isfriend="0" isfamily="0" />
	<photo id="25333945552" owner="112878957@N06" secret="1996002446" server="1518" farm="2" title="" ispublic="1" isfriend="0" isfamily="0" />
	<photo id="24811184583" owner="62089664@N07" secret="e67086dbb4" server="1550" farm="2" title="Streaks of Light" ispublic="1" isfriend="0" isfamily="0" />
	<photo id="25317927602" owner="100193876@N06" secret="df616dfe62" server="1581" farm="2" title="Quinlan's Fish &amp; Chips (Explored)" ispublic="1" isfriend="0" isfamily="0" />
</photos>
</rsp>

[Thu, 03 Mar 16 18:50:02 +0530][DEBUG] oauth_token
[Thu, 03 Mar 16 18:50:02 +0530][DEBUG] oauth_token_secret
[Thu, 03 Mar 16 18:50:02 +0530][DEBUG] Sending request to https://api.flickr.com/services/rest
[Thu, 03 Mar 16 18:50:02 +0530][DEBUG] [Flickr]apicallAction_page 3
[Thu, 03 Mar 16 18:50:02 +0530][DEBUG] [Flickr]apicallAction_end() at : 0.77
[Thu, 03 Mar 16 18:50:02 +0530][DEBUG] [Flickr]indexAction_start() at : 1457011202.7
[Thu, 03 Mar 16 18:50:02 +0530][DEBUG] [Flickr]interestingAction_end() at : 0
[Thu, 03 Mar 16 18:52:35 +0530][DEBUG] [Flickr]indexAction_start() at : 1457011355.95
[Thu, 03 Mar 16 18:52:35 +0530][DEBUG] [Flickr]indexAction_end() at : -0
[Thu, 03 Mar 16 18:52:35 +0530][DEBUG] [Flickr]apicallaction_start() at : 1457011355.95
[Thu, 03 Mar 16 18:52:36 +0530][DEBUG] result<?xml version="1.0" encoding="utf-8" ?>
<rsp stat="ok">
<photos page="3" pages="20" perpage="25" total="500">
	<photo id="25443827325" owner="37729610@N06" secret="734bab5f96" server="1573" farm="2" title="Sunset Pier" ispublic="1" isfriend="0" isfamily="0" />
	<photo id="25329370512" owner="95794505@N06" secret="ab900523c3" server="1607" farm="2" title="Love" ispublic="1" isfriend="0" isfamily="0" />
	<photo id="25339029531" owner="38398212@N02" secret="0db3cfd0b5" server="1531" farm="2" title="Landing gear employed....." ispublic="1" isfriend="0" isfamily="0" />
	<photo id="24802578303" owner="119400285@N07" secret="e3c80f8084" server="1704" farm="2" title="Footprints" ispublic="1" isfriend="0" isfamily="0" />
	<photo id="25445772825" owner="57562078@N03" secret="8e1163116b" server="1463" farm="2" title="Where did that Car Go" ispublic="1" isfriend="0" isfamily="0" />
	<photo id="25435959195" owner="94720786@N04" secret="059aa015e4" server="1671" farm="2" title="Surrounded" ispublic="1" isfriend="0" isfamily="0" />
	<photo id="25422257806" owner="44124474312@N01" secret="acbf865a6b" server="1649" farm="2" title="ARC" ispublic="1" isfriend="0" isfamily="0" />
	<photo id="25149537410" owner="92110231@N03" secret="2f2eab3eb2" server="1453" farm="2" title="Moraine Lake VII" ispublic="1" isfriend="0" isfamily="0" />
	<photo id="25322335112" owner="39016079@N06" secret="76c4033486" server="1591" farm="2" title="台東-池上" ispublic="1" isfriend="0" isfamily="0" />
	<photo id="25140238800" owner="48538746@N06" secret="e79885b04c" server="1620" farm="2" title="~`~" ispublic="1" isfriend="0" isfamily="0" />
	<photo id="24824322293" owner="86656817@N08" secret="56aa2748d9" server="1713" farm="2" title="Fly on Xanthoria parietina" ispublic="1" isfriend="0" isfamily="0" />
	<photo id="25080944209" owner="126150348@N06" secret="2cfcb29d84" server="1703" farm="2" title="Guardian of the forest" ispublic="1" isfriend="0" isfamily="0" />
	<photo id="24796868773" owner="25477456@N06" secret="0fd2c0dd58" server="1605" farm="2" title="the team" ispublic="1" isfriend="0" isfamily="0" />
	<photo id="25438589875" owner="21073708@N05" secret="8f783e23e0" server="1662" farm="2" title="in. vertigo" ispublic="1" isfriend="0" isfamily="0" />
	<photo id="24812112563" owner="135393034@N06" secret="5aa6f54512" server="1644" farm="2" title="Of course I do" ispublic="1" isfriend="0" isfamily="0" />
	<photo id="25416595866" owner="128356571@N08" secret="3df11bc962" server="1583" farm="2" title="Abandoned (In Explore)" ispublic="1" isfriend="0" isfamily="0" />
	<photo id="25307084882" owner="52348894@N02" secret="7caaea8074" server="1518" farm="2" title="Sweet Song" ispublic="1" isfriend="0" isfamily="0" />
	<photo id="25424951355" owner="37030107@N02" secret="75c2523bbd" server="1584" farm="2" title="Hawk Eye" ispublic="1" isfriend="0" isfamily="0" />
	<photo id="25320743122" owner="63834741@N02" secret="996a8c076c" server="1506" farm="2" title="Red-Flanked Bluetail" ispublic="1" isfriend="0" isfamily="0" />
	<photo id="25409768276" owner="76765966@N00" secret="53729b5e4a" server="1656" farm="2" title="Coming Home for Spring" ispublic="1" isfriend="0" isfamily="0" />
	<photo id="25406915616" owner="90978729@N08" secret="3d87683fea" server="1517" farm="2" title="293/365" ispublic="1" isfriend="0" isfamily="0" />
	<photo id="25432069605" owner="98658066@N00" secret="dcc8eeb3c7" server="1694" farm="2" title="Lady Lamington Nurses Home, Brisbane" ispublic="1" isfriend="0" isfamily="0" />
	<photo id="25333945552" owner="112878957@N06" secret="1996002446" server="1518" farm="2" title="" ispublic="1" isfriend="0" isfamily="0" />
	<photo id="24811184583" owner="62089664@N07" secret="e67086dbb4" server="1550" farm="2" title="Streaks of Light" ispublic="1" isfriend="0" isfamily="0" />
	<photo id="25317927602" owner="100193876@N06" secret="df616dfe62" server="1581" farm="2" title="Quinlan's Fish &amp; Chips (Explored)" ispublic="1" isfriend="0" isfamily="0" />
</photos>
</rsp>

[Thu, 03 Mar 16 18:52:36 +0530][DEBUG] oauth_token
[Thu, 03 Mar 16 18:52:36 +0530][DEBUG] oauth_token_secret
[Thu, 03 Mar 16 18:52:36 +0530][DEBUG] Sending request to https://api.flickr.com/services/rest
[Thu, 03 Mar 16 18:52:36 +0530][DEBUG] [Flickr]apicallAction_page 3
[Thu, 03 Mar 16 18:52:36 +0530][DEBUG] [Flickr]apicallAction_end() at : 0.75
[Thu, 03 Mar 16 18:52:36 +0530][DEBUG] [Flickr]indexAction_start() at : 1457011356.7
[Thu, 03 Mar 16 18:52:36 +0530][DEBUG] [Flickr]interestingAction_end() at : 0
[Thu, 03 Mar 16 18:52:43 +0530][DEBUG] [Flickr]indexAction_start() at : 1457011363.32
[Thu, 03 Mar 16 18:52:43 +0530][DEBUG] [Flickr]indexAction_end() at : -0
[Thu, 03 Mar 16 18:52:43 +0530][DEBUG] [Flickr]apicallaction_start() at : 1457011363.32
[Thu, 03 Mar 16 18:52:46 +0530][DEBUG] result<?xml version="1.0" encoding="utf-8" ?>
<rsp stat="ok">
<photos page="10" pages="20" perpage="25" total="500">
	<photo id="25452151205" owner="87543155@N06" secret="0b8a020f41" server="1546" farm="2" title="Croissance épineuse" ispublic="1" isfriend="0" isfamily="0" />
	<photo id="25433844705" owner="67639481@N00" secret="20a646d41d" server="1513" farm="2" title="night shift" ispublic="1" isfriend="0" isfamily="0" />
	<photo id="25316211852" owner="80332700@N06" secret="16dcb54689" server="1589" farm="2" title="JUNCTION PRODUCE - Osaka Auto Messe 2016 -" ispublic="1" isfriend="0" isfamily="0" />
	<photo id="24811570624" owner="80185793@N00" secret="87df4bbf8a" server="1681" farm="2" title="Pileated Woodpecker AI6F3420" ispublic="1" isfriend="0" isfamily="0" />
	<photo id="25425677106" owner="47786204@N06" secret="79a8e4a3df" server="1642" farm="2" title="The Autism Project - 62/366" ispublic="1" isfriend="0" isfamily="0" />
	<photo id="25402631286" owner="34973473@N07" secret="5e96a0f955" server="1551" farm="2" title="Abstract" ispublic="1" isfriend="0" isfamily="0" />
	<photo id="25331883441" owner="60043001@N06" secret="e8747e8809" server="1588" farm="2" title="LO4A8513 Key West sunset (Explore 3/3/16)" ispublic="1" isfriend="0" isfamily="0" />
	<photo id="25321765402" owner="53821121@N06" secret="4cf989076d" server="1497" farm="2" title="Sul fiume BN" ispublic="1" isfriend="0" isfamily="0" />
	<photo id="25077902379" owner="46064269@N00" secret="f27211c41d" server="1511" farm="2" title="Bicycle Monarchy" ispublic="1" isfriend="0" isfamily="0" />
	<photo id="25062237009" owner="31583009@N00" secret="db6a257c83" server="1690" farm="2" title="Colorful Gate in Santa Fe" ispublic="1" isfriend="0" isfamily="0" />
	<photo id="25447928155" owner="36119280@N04" secret="32b3093608" server="1517" farm="2" title="Schon wieder weg..." ispublic="1" isfriend="0" isfamily="0" />
	<photo id="25437965185" owner="69586490@N02" secret="d9a800de9d" server="1528" farm="2" title="Don´t Give Up" ispublic="1" isfriend="0" isfamily="0" />
	<photo id="25342344341" owner="50858761@N07" secret="e1ca090545" server="1565" farm="2" title="Ice Channel" ispublic="1" isfriend="0" isfamily="0" />
	<photo id="25340670511" owner="33367441@N00" secret="03d8c28a0f" server="1528" farm="2" title="Red" ispublic="1" isfriend="0" isfamily="0" />
	<photo id="25335279731" owner="116863747@N08" secret="1345fb7c80" server="1505" farm="2" title="130 At Nelson Viaduct" ispublic="1" isfriend="0" isfamily="0" />
	<photo id="25313733082" owner="129476553@N03" secret="026d5c0a40" server="1647" farm="2" title="Pulemyot Degtyaryova Pekhotny 28" ispublic="1" isfriend="0" isfamily="0" />
	<photo id="25435048565" owner="97294540@N06" secret="e5ea73c39e" server="1495" farm="2" title="Easter eggs" ispublic="1" isfriend="0" isfamily="0" />
	<photo id="25407902146" owner="24490288@N04" secret="564002eaf2" server="1448" farm="2" title="Boiling Water" ispublic="1" isfriend="0" isfamily="0" />
	<photo id="25355414681" owner="41716877@N04" secret="d61de66559" server="1545" farm="2" title="In transition" ispublic="1" isfriend="0" isfamily="0" />
	<photo id="25328152182" owner="43780006@N05" secret="734a13386c" server="1501" farm="2" title="almost done" ispublic="1" isfriend="0" isfamily="0" />
	<photo id="25083978869" owner="132427272@N04" secret="6121f26291" server="1619" farm="2" title="Streetlight V Starlight - Milky Way, Beadnell, Northumberland" ispublic="1" isfriend="0" isfamily="0" />
	<photo id="25156070110" owner="122754442@N04" secret="b23effa148" server="1441" farm="2" title="Highland Coo, Isle of Skye" ispublic="1" isfriend="0" isfamily="0" />
	<photo id="25068247279" owner="31191205@N00" secret="44fb16dc35" server="1448" farm="2" title="Tunnel View sunrise taken some time mid last year" ispublic="1" isfriend="0" isfamily="0" />
	<photo id="24811264624" owner="53065479@N06" secret="b7efcfa7c0" server="1557" farm="2" title="The Card Players" ispublic="1" isfriend="0" isfamily="0" />
	<photo id="25450790775" owner="51082690@N03" secret="896ec7d0c1" server="1607" farm="2" title="Santa Monica Gull" ispublic="1" isfriend="0" isfamily="0" />
</photos>
</rsp>

[Thu, 03 Mar 16 18:52:46 +0530][DEBUG] oauth_token
[Thu, 03 Mar 16 18:52:46 +0530][DEBUG] oauth_token_secret
[Thu, 03 Mar 16 18:52:46 +0530][DEBUG] Sending request to https://api.flickr.com/services/rest
[Thu, 03 Mar 16 18:52:46 +0530][DEBUG] [Flickr]apicallAction_page 10
[Thu, 03 Mar 16 18:52:46 +0530][DEBUG] [Flickr]apicallAction_end() at : 3.66
[Thu, 03 Mar 16 18:52:46 +0530][DEBUG] [Flickr]indexAction_start() at : 1457011366.98
[Thu, 03 Mar 16 18:52:46 +0530][DEBUG] [Flickr]interestingAction_end() at : 0
